[debug] [2018-10-16T02:39:34.392Z] ----------------------------------------------------------------------
[debug] [2018-10-16T02:39:34.399Z] Command:       C:\Program Files\nodejs\node.exe C:\Users\Nins\AppData\Roaming\npm\node_modules\firebase-tools\bin\firebase init
[debug] [2018-10-16T02:39:34.400Z] CLI Version:   5.0.0
[debug] [2018-10-16T02:39:34.400Z] Platform:      win32
[debug] [2018-10-16T02:39:34.400Z] Node Version:  v10.2.1
[debug] [2018-10-16T02:39:34.401Z] Time:          Tue Oct 16 2018 10:39:34 GMT+0800 (Malay Peninsula Standard Time)
[debug] [2018-10-16T02:39:34.402Z] ----------------------------------------------------------------------
[debug] 
[debug] [2018-10-16T02:39:34.435Z] > command requires scopes: ["email","openid","https://www.googleapis.com/auth/cloudplatformprojects.readonly","https://www.googleapis.com/auth/firebase","https://www.googleapis.com/auth/cloud-platform"]
[debug] [2018-10-16T02:39:34.436Z] > authorizing via signed-in user
[info] 
     ######## #### ########  ######## ########     ###     ######  ########
     ##        ##  ##     ## ##       ##     ##  ##   ##  ##       ##
     ######    ##  ########  ######   ########  #########  ######  ######
     ##        ##  ##    ##  ##       ##     ## ##     ##       ## ##
     ##       #### ##     ## ######## ########  ##     ##  ######  ########

You're about to initialize a Firebase project in this directory:

  C:\Users\Nins\Desktop\admin

[info] 
=== Project Setup
[info] 
[info] First, let's associate this project directory with a Firebase project.
[info] You can create multiple project aliases by running firebase use --add, 
[info] but for now we'll just set up a default project.
[info] 
[debug] [2018-10-16T02:40:36.362Z] > refreshing access token with scopes: ["email","https://www.googleapis.com/auth/cloud-platform","https://www.googleapis.com/auth/cloudplatformprojects.readonly","https://www.googleapis.com/auth/firebase","openid"]
[debug] [2018-10-16T02:40:36.363Z] >>> HTTP REQUEST POST https://www.googleapis.com/oauth2/v3/token  
 <request body omitted>
[debug] [2018-10-16T02:40:37.175Z] <<< HTTP RESPONSE 200
[debug] [2018-10-16T02:40:37.265Z] >>> HTTP REQUEST GET https://admin.firebase.com/v1/projects  
 
[debug] [2018-10-16T02:40:39.605Z] <<< HTTP RESPONSE 200
[info] 
=== Hosting Setup
[info] 
[info] Your public directory is the folder (relative to your project directory) that
[info] will contain Hosting assets to be uploaded with firebase deploy. If you
[info] have a build process for your assets, use your build's output directory.
[info] 
[info] +  Wrote public/404.html
[debug] [2018-10-16T02:41:36.017Z] >>> HTTP REQUEST GET https://www.gstatic.com/firebasejs/releases.json  
 
[debug] [2018-10-16T02:42:06.274Z] Error: read ECONNRESET
    at TLSWrap.onread (net.js:657:25)
[error] 
[error] Error: Server Error. read ECONNRESET
